INFO:logger:
---------------------------------------------------------------
API v1.0 online: http://localhost:8080/departments/


INFO:werkzeug: * Running on http://0.0.0.0:5000/ (Press CTRL+C to quit)
INFO:werkzeug: * Restarting with stat
INFO:logger:
---------------------------------------------------------------
API v1.0 online: http://localhost:8080/departments/


WARNING:werkzeug: * Debugger is active!
INFO:werkzeug: * Debugger PIN: 200-525-629
INFO:logger:###              DEMO: GET /departments              ###
DEBUG:logger:---- departments  ----
DEBUG:logger:(Decimal('10'), 'Contabilidade', 'Condeixa')
DEBUG:logger:(Decimal('20'), 'Investigacao', 'Mealhada')
DEBUG:logger:(Decimal('30'), 'Vendas', 'Coimbra')
DEBUG:logger:(Decimal('40'), 'Planeamento', 'Montemor')
INFO:werkzeug:172.18.0.1 - - [07/May/2021 17:47:34] "[37mGET /departments/ HTTP/1.1[0m" 200 -
INFO:werkzeug:172.18.0.1 - - [07/May/2021 17:47:34] "[33mGET /favicon.ico HTTP/1.1[0m" 404 -
INFO:logger:###              DEMO: GET /departments/<ndep>              ###
DEBUG:logger:ndep: 10
DEBUG:logger:---- selected department  ----
DEBUG:logger:(Decimal('10'), 'Contabilidade', 'Condeixa')
INFO:werkzeug:172.18.0.1 - - [07/May/2021 17:50:01] "[37mGET /departments/10 HTTP/1.1[0m" 200 -
INFO:werkzeug:172.18.0.1 - - [07/May/2021 17:50:01] "[33mGET /favicon.ico HTTP/1.1[0m" 404 -
INFO:logger:###              DEMO: GET /departments/<ndep>              ###
DEBUG:logger:ndep: 10
DEBUG:logger:---- selected department  ----
DEBUG:logger:(Decimal('10'), 'Contabilidade', 'Condeixa')
INFO:werkzeug:172.18.0.1 - - [07/May/2021 17:50:05] "[37mGET /departments/10 HTTP/1.1[0m" 200 -
INFO:logger:###              DEMO: GET /departments              ###
DEBUG:logger:---- departments  ----
DEBUG:logger:(Decimal('10'), 'Contabilidade', 'Condeixa')
DEBUG:logger:(Decimal('20'), 'Investigacao', 'Mealhada')
DEBUG:logger:(Decimal('30'), 'Vendas', 'Coimbra')
DEBUG:logger:(Decimal('40'), 'Planeamento', 'Montemor')
INFO:werkzeug:172.18.0.1 - - [07/May/2021 17:50:06] "[37mGET /departments/ HTTP/1.1[0m" 200 -
INFO:logger:###              DEMO: GET /departments/<ndep>              ###
DEBUG:logger:ndep: 30
DEBUG:logger:---- selected department  ----
DEBUG:logger:(Decimal('30'), 'Vendas', 'Coimbra')
INFO:werkzeug:172.18.0.1 - - [07/May/2021 17:50:06] "[37mGET /departments/30 HTTP/1.1[0m" 200 -
INFO:werkzeug:172.18.0.1 - - [07/May/2021 17:50:06] "[33mGET /favicon.ico HTTP/1.1[0m" 404 -
INFO:logger:###              DEMO: GET /departments/<ndep>              ###
DEBUG:logger:ndep: 30
DEBUG:logger:---- selected department  ----
DEBUG:logger:(Decimal('30'), 'Vendas', 'Coimbra')
INFO:werkzeug:172.18.0.1 - - [07/May/2021 17:50:10] "[37mGET /departments/30 HTTP/1.1[0m" 200 -
INFO:logger:###              DEMO: GET /departments              ###
DEBUG:logger:---- departments  ----
DEBUG:logger:(Decimal('10'), 'Contabilidade', 'Condeixa')
DEBUG:logger:(Decimal('20'), 'Investigacao', 'Mealhada')
DEBUG:logger:(Decimal('30'), 'Vendas', 'Coimbra')
DEBUG:logger:(Decimal('40'), 'Planeamento', 'Montemor')
INFO:werkzeug:172.18.0.1 - - [07/May/2021 17:50:10] "[37mGET /departments/ HTTP/1.1[0m" 200 -
INFO:logger:###              DEMO: GET /departments/<ndep>              ###
DEBUG:logger:ndep: 4
INFO:werkzeug:172.18.0.1 - - [07/May/2021 17:50:11] "[35m[1mGET /departments/4 HTTP/1.1[0m" 500 -
INFO:werkzeug:172.18.0.1 - - [07/May/2021 17:50:11] "[37mGET /departments/4?__debugger__=yes&cmd=resource&f=debugger.js HTTP/1.1[0m" 200 -
INFO:werkzeug:172.18.0.1 - - [07/May/2021 17:50:11] "[37mGET /departments/4?__debugger__=yes&cmd=resource&f=style.css HTTP/1.1[0m" 200 -
INFO:werkzeug:172.18.0.1 - - [07/May/2021 17:50:11] "[37mGET /departments/4?__debugger__=yes&cmd=resource&f=jquery.js HTTP/1.1[0m" 200 -
INFO:werkzeug:172.18.0.1 - - [07/May/2021 17:50:11] "[37mGET /departments/4?__debugger__=yes&cmd=resource&f=console.png HTTP/1.1[0m" 200 -
INFO:werkzeug:172.18.0.1 - - [07/May/2021 17:50:11] "[37mGET /departments/4?__debugger__=yes&cmd=resource&f=console.png HTTP/1.1[0m" 200 -
INFO:werkzeug:172.18.0.1 - - [07/May/2021 17:50:11] "[37mGET /departments/4?__debugger__=yes&cmd=resource&f=ubuntu.ttf HTTP/1.1[0m" 200 -
INFO:logger:###              DEMO: GET /departments              ###
DEBUG:logger:---- departments  ----
DEBUG:logger:(Decimal('10'), 'Contabilidade', 'Condeixa')
DEBUG:logger:(Decimal('20'), 'Investigacao', 'Mealhada')
DEBUG:logger:(Decimal('30'), 'Vendas', 'Coimbra')
DEBUG:logger:(Decimal('40'), 'Planeamento', 'Montemor')
INFO:werkzeug:172.18.0.1 - - [07/May/2021 17:51:20] "[37mGET /departments/ HTTP/1.1[0m" 200 -
INFO:logger:###              DEMO: GET /departments/<ndep>              ###
DEBUG:logger:ndep: 69
INFO:werkzeug:172.18.0.1 - - [07/May/2021 17:51:22] "[35m[1mGET /departments/69 HTTP/1.1[0m" 500 -
INFO:werkzeug:172.18.0.1 - - [07/May/2021 17:51:22] "[37mGET /departments/69?__debugger__=yes&cmd=resource&f=style.css HTTP/1.1[0m" 200 -
INFO:werkzeug:172.18.0.1 - - [07/May/2021 17:51:22] "[37mGET /departments/69?__debugger__=yes&cmd=resource&f=debugger.js HTTP/1.1[0m" 200 -
INFO:werkzeug:172.18.0.1 - - [07/May/2021 17:51:22] "[37mGET /departments/69?__debugger__=yes&cmd=resource&f=jquery.js HTTP/1.1[0m" 200 -
INFO:werkzeug:172.18.0.1 - - [07/May/2021 17:51:22] "[37mGET /departments/69?__debugger__=yes&cmd=resource&f=console.png HTTP/1.1[0m" 200 -
INFO:werkzeug:172.18.0.1 - - [07/May/2021 17:51:22] "[37mGET /departments/69?__debugger__=yes&cmd=resource&f=console.png HTTP/1.1[0m" 200 -
INFO:werkzeug:172.18.0.1 - - [07/May/2021 17:51:22] "[37mGET /departments/69?__debugger__=yes&cmd=resource&f=ubuntu.ttf HTTP/1.1[0m" 200 -
INFO:werkzeug:172.18.0.1 - - [07/May/2021 17:52:56] "[37mGET / HTTP/1.1[0m" 200 -
INFO:werkzeug:172.18.0.1 - - [07/May/2021 17:52:56] "[33mGET /favicon.ico HTTP/1.1[0m" 404 -
INFO:werkzeug:172.18.0.1 - - [07/May/2021 18:06:57] "[33mGET /dbproj/leilao HTTP/1.1[0m" 404 -
INFO:werkzeug:172.18.0.1 - - [07/May/2021 18:06:58] "[33mGET /favicon.ico HTTP/1.1[0m" 404 -
INFO:logger:###              DEMO: POST /departments              ###
INFO:logger:---- new department  ----
DEBUG:logger:payload: {'localidade': 'Polo II', 'ndep': 69, 'nome': 'Seguranca'}
INFO:werkzeug:172.18.0.1 - - [07/May/2021 18:11:00] "[37mPOST /departments/ HTTP/1.1[0m" 200 -
INFO:werkzeug:172.18.0.1 - - [07/May/2021 18:11:08] "[37mGET / HTTP/1.1[0m" 200 -
INFO:logger:###              DEMO: GET /departments/<ndep>              ###
DEBUG:logger:ndep: 69
DEBUG:logger:---- selected department  ----
DEBUG:logger:(Decimal('69'), 'Polo II', 'Seguranca')
INFO:werkzeug:172.18.0.1 - - [07/May/2021 18:11:15] "[37mGET /departments/69 HTTP/1.1[0m" 200 -
INFO:werkzeug:172.18.0.1 - - [07/May/2021 18:11:15] "[33mGET /favicon.ico HTTP/1.1[0m" 404 -
INFO:logger:###              DEMO: POST /departments              ###
INFO:logger:---- new department  ----
DEBUG:logger:payload: {'localidade': 'Polo II', 'ndep': 69, 'nome': 'Seguranca'}
ERROR:logger:duplicate key value violates unique constraint "dep_pkey"
DETAIL:  Key (ndep)=(69) already exists.

INFO:werkzeug:172.18.0.1 - - [07/May/2021 18:51:47] "[37mPOST /departments/ HTTP/1.1[0m" 200 -
INFO:logger:###              DEMO: POST /departments              ###
INFO:logger:---- new department  ----
DEBUG:logger:payload: {'localidade': 'Polo III', 'ndep': 90, 'nome': 'Financas'}
INFO:werkzeug:172.18.0.1 - - [07/May/2021 18:52:06] "[37mPOST /departments/ HTTP/1.1[0m" 200 -
INFO:logger:###              DEMO: GET /departments/<ndep>              ###
DEBUG:logger:ndep: 90
DEBUG:logger:---- selected department  ----
DEBUG:logger:(Decimal('90'), 'Polo III', 'Financas')
INFO:werkzeug:172.18.0.1 - - [07/May/2021 18:52:20] "[37mGET /departments/90 HTTP/1.1[0m" 200 -
INFO:logger:###              DEMO: POST /departments              ###
INFO:logger:---- new department  ----
DEBUG:logger:payload: {'localidade': 'Polo III', 'ndep': 90, 'nome': 'Financas'}
ERROR:logger:duplicate key value violates unique constraint "dep_pkey"
DETAIL:  Key (ndep)=(90) already exists.

INFO:werkzeug:172.18.0.1 - - [07/May/2021 19:04:54] "[37mPOST /departments/ HTTP/1.1[0m" 200 -
INFO:logger:###              DEMO: POST /departments              ###
INFO:logger:---- new department  ----
DEBUG:logger:payload: {'localidade': 'Polo III', 'ndep': 70, 'nome': 'Financas'}
INFO:werkzeug:172.18.0.1 - - [07/May/2021 19:04:59] "[37mPOST /departments/ HTTP/1.1[0m" 200 -
INFO:logger:###              DEMO: POST /departments              ###
INFO:logger:---- new department  ----
DEBUG:logger:payload: {'localidade': 'Polo III', 'ndep': 80, 'nome': 'Financas'}
INFO:werkzeug:172.18.0.1 - - [07/May/2021 19:09:40] "[37mPOST /departments/ HTTP/1.1[0m" 200 -
INFO:werkzeug: * Detected change in '/app/demo-api.py', reloading
INFO:werkzeug: * Restarting with stat
INFO:logger:
---------------------------------------------------------------
API v1.0 online: http://localhost:8080/departments/


WARNING:werkzeug: * Debugger is active!
INFO:werkzeug: * Debugger PIN: 200-525-629
INFO:werkzeug:172.18.0.1 - - [07/May/2021 19:16:02] "[31m[1mGET /departments HTTP/1.1[0m" 405 -
INFO:werkzeug:172.18.0.1 - - [07/May/2021 19:16:05] "[31m[1mGET /departments/ HTTP/1.1[0m" 405 -
INFO:werkzeug: * Detected change in '/app/demo-api.py', reloading
INFO:werkzeug: * Restarting with stat
INFO:logger:
---------------------------------------------------------------
API v1.0 online: http://localhost:8080/departments/


INFO:werkzeug: * Running on http://0.0.0.0:5000/ (Press CTRL+C to quit)
INFO:werkzeug: * Restarting with stat
INFO:logger:
---------------------------------------------------------------
API v1.0 online: http://localhost:8080/departments/


WARNING:werkzeug: * Debugger is active!
INFO:werkzeug: * Debugger PIN: 183-534-899
INFO:logger:###              DEMO: GET /departments              ###
DEBUG:logger:---- departments  ----
DEBUG:logger:(Decimal('10'), 'Contabilidade', 'Condeixa')
DEBUG:logger:(Decimal('20'), 'Investigacao', 'Mealhada')
DEBUG:logger:(Decimal('30'), 'Vendas', 'Coimbra')
DEBUG:logger:(Decimal('40'), 'Planeamento', 'Montemor')
DEBUG:logger:(Decimal('69'), 'Polo II', 'Seguranca')
DEBUG:logger:(Decimal('90'), 'Polo III', 'Financas')
DEBUG:logger:(Decimal('70'), 'Polo III', 'Financas')
DEBUG:logger:(Decimal('80'), 'Polo III', 'Financas')
INFO:werkzeug:172.18.0.1 - - [07/May/2021 19:24:08] "[37mGET /departments/ HTTP/1.1[0m" 200 -
INFO:werkzeug: * Detected change in '/app/demo-api.py', reloading
INFO:werkzeug: * Restarting with stat
INFO:logger:
---------------------------------------------------------------
API v1.0 online: http://localhost:8080/departments/


WARNING:werkzeug: * Debugger is active!
INFO:werkzeug: * Debugger PIN: 183-534-899
INFO:werkzeug:172.18.0.1 - - [07/May/2021 19:30:56] "[37mGET / HTTP/1.1[0m" 200 -
INFO:werkzeug:172.18.0.1 - - [07/May/2021 19:30:59] "[31m[1mGET /dbproj/user HTTP/1.1[0m" 405 -
INFO:werkzeug: * Detected change in '/app/demo-api.py', reloading
INFO:werkzeug: * Restarting with stat
INFO:logger:
---------------------------------------------------------------
API v1.0 online: http://localhost:8080/departments/


WARNING:werkzeug: * Debugger is active!
INFO:werkzeug: * Debugger PIN: 183-534-899
INFO:logger:
---------------------------------------------------------------
API v1.0 online: http://localhost:8080/departments/


INFO:werkzeug: * Running on http://0.0.0.0:5000/ (Press CTRL+C to quit)
INFO:werkzeug: * Restarting with stat
INFO:logger:
---------------------------------------------------------------
API v1.0 online: http://localhost:8080/departments/


WARNING:werkzeug: * Debugger is active!
INFO:werkzeug: * Debugger PIN: 274-660-041
INFO:logger:
---------------------------------------------------------------
API v1.0 online: http://localhost:8080/departments/


INFO:werkzeug: * Running on http://0.0.0.0:5000/ (Press CTRL+C to quit)
INFO:werkzeug: * Restarting with stat
INFO:logger:
---------------------------------------------------------------
API v1.0 online: http://localhost:8080/departments/


WARNING:werkzeug: * Debugger is active!
INFO:werkzeug: * Debugger PIN: 365-419-267
INFO:logger:
---------------------------------------------------------------
API v1.0 online: http://localhost:8080/departments/


INFO:werkzeug: * Detected change in '/app/demo-api.py', reloading
INFO:werkzeug: * Restarting with stat
INFO:logger:
---------------------------------------------------------------
API v1.0 online: http://localhost:8080/departments/


WARNING:werkzeug: * Debugger is active!
INFO:werkzeug: * Debugger PIN: 365-419-267
INFO:werkzeug: * Detected change in '/app/demo-api.py', reloading
INFO:werkzeug: * Restarting with stat
INFO:logger:
---------------------------------------------------------------
API v1.0 online: http://localhost:8080/departments/


WARNING:werkzeug: * Debugger is active!
INFO:werkzeug: * Debugger PIN: 365-419-267
INFO:werkzeug: * Detected change in '/app/demo-api.py', reloading
INFO:werkzeug: * Restarting with stat
INFO:logger:
---------------------------------------------------------------
API v1.0 online: http://localhost:8080/departments/


WARNING:werkzeug: * Debugger is active!
INFO:werkzeug: * Debugger PIN: 365-419-267
INFO:logger:
---------------------------------------------------------------
API v1.0 online: http://localhost:8080/departments/


INFO:werkzeug: * Detected change in '/app/demo-api.py', reloading
INFO:werkzeug: * Restarting with stat
INFO:logger:
---------------------------------------------------------------
API v1.0 online: http://localhost:8080/departments/


WARNING:werkzeug: * Debugger is active!
INFO:werkzeug: * Debugger PIN: 365-419-267
INFO:logger:
---------------------------------------------------------------
API v1.0 online: http://localhost:8080/departments/


INFO:werkzeug: * Running on http://0.0.0.0:5000/ (Press CTRL+C to quit)
INFO:werkzeug: * Restarting with stat
INFO:logger:
---------------------------------------------------------------
API v1.0 online: http://localhost:8080/departments/


WARNING:werkzeug: * Debugger is active!
INFO:werkzeug: * Debugger PIN: 690-563-129
INFO:logger:
---------------------------------------------------------------
API v1.0 online: http://localhost:8080/departments/


INFO:logger:###              DEMO: GET /departments              ###
DEBUG:logger:---- departments  ----
DEBUG:logger:(Decimal('10'), 'Contabilidade', 'Condeixa')
DEBUG:logger:(Decimal('20'), 'Investigacao', 'Mealhada')
DEBUG:logger:(Decimal('30'), 'Vendas', 'Coimbra')
DEBUG:logger:(Decimal('40'), 'Planeamento', 'Montemor')
INFO:werkzeug:172.18.0.1 - - [20/May/2021 11:42:40] "[37mGET /departments/ HTTP/1.1[0m" 200 -
INFO:werkzeug:172.18.0.1 - - [20/May/2021 11:42:40] "[33mGET /favicon.ico HTTP/1.1[0m" 404 -
INFO:logger:
---------------------------------------------------------------
API v1.0 online: http://localhost:8080/departments/


INFO:werkzeug: * Running on http://0.0.0.0:5000/ (Press CTRL+C to quit)
INFO:werkzeug: * Restarting with stat
INFO:logger:
---------------------------------------------------------------
API v1.0 online: http://localhost:8080/departments/


WARNING:werkzeug: * Debugger is active!
INFO:werkzeug: * Debugger PIN: 310-140-021
INFO:logger:
---------------------------------------------------------------
API v1.0 online: http://localhost:8080/departments/


INFO:werkzeug: * Running on http://localhost:8080/ (Press CTRL+C to quit)
INFO:werkzeug: * Restarting with stat
INFO:logger:
---------------------------------------------------------------
API v1.0 online: http://localhost:8080/departments/


WARNING:werkzeug: * Debugger is active!
INFO:werkzeug: * Debugger PIN: 310-140-021
INFO:werkzeug:127.0.0.1 - - [26/May/2021 20:50:55] "[32mGET /departments HTTP/1.1[0m" 308 -
INFO:logger:###              DEMO: GET /departments              ###
INFO:werkzeug:127.0.0.1 - - [26/May/2021 20:50:55] "[35m[1mGET /departments/ HTTP/1.1[0m" 500 -
INFO:logger:
---------------------------------------------------------------
API v1.0 online: http://localhost:8080/departments/


INFO:werkzeug: * Running on http://localhost:8080/ (Press CTRL+C to quit)
INFO:werkzeug: * Restarting with stat
INFO:logger:
---------------------------------------------------------------
API v1.0 online: http://localhost:8080/departments/


WARNING:werkzeug: * Debugger is active!
INFO:werkzeug: * Debugger PIN: 310-140-021
INFO:werkzeug:127.0.0.1 - - [26/May/2021 20:52:34] "[32mGET /departments HTTP/1.1[0m" 308 -
INFO:logger:###              DEMO: GET /departments              ###
DEBUG:logger:---- departments  ----
DEBUG:logger:(Decimal('10'), 'Contabilidade', 'Condeixa')
DEBUG:logger:(Decimal('20'), 'Investigacao', 'Mealhada')
DEBUG:logger:(Decimal('30'), 'Vendas', 'Coimbra')
DEBUG:logger:(Decimal('40'), 'Planeamento', 'Montemor')
INFO:werkzeug:127.0.0.1 - - [26/May/2021 20:52:34] "[37mGET /departments/ HTTP/1.1[0m" 200 -
INFO:logger:
---------------------------------------------------------------
API v1.0 online: http://localhost:8080/departments/


INFO:werkzeug: * Running on http://localhost:8080/ (Press CTRL+C to quit)
INFO:werkzeug: * Restarting with stat
INFO:logger:
---------------------------------------------------------------
API v1.0 online: http://localhost:8080/departments/


WARNING:werkzeug: * Debugger is active!
INFO:werkzeug: * Debugger PIN: 310-140-021
INFO:werkzeug:127.0.0.1 - - [26/May/2021 21:04:07] "[35m[1mPUT /departments HTTP/1.1[0m" 500 -
INFO:werkzeug:127.0.0.1 - - [26/May/2021 21:05:35] "[35m[1mPUT /departments HTTP/1.1[0m" 500 -
INFO:werkzeug:127.0.0.1 - - [26/May/2021 21:06:05] "[35m[1mPUT /departments HTTP/1.1[0m" 500 -
INFO:werkzeug:127.0.0.1 - - [26/May/2021 21:06:17] "[35m[1mPUT /departments HTTP/1.1[0m" 500 -
INFO:werkzeug:127.0.0.1 - - [26/May/2021 21:06:27] "[35m[1mPUT /departments HTTP/1.1[0m" 500 -
INFO:werkzeug:127.0.0.1 - - [26/May/2021 21:06:38] "[35m[1mPUT /departments HTTP/1.1[0m" 500 -
INFO:werkzeug:127.0.0.1 - - [26/May/2021 21:08:18] "[35m[1mPUT /departments HTTP/1.1[0m" 500 -
INFO:werkzeug:127.0.0.1 - - [26/May/2021 21:08:28] "[35m[1mPUT /departments HTTP/1.1[0m" 500 -
INFO:werkzeug:127.0.0.1 - - [26/May/2021 21:08:32] "[35m[1mPUT /departments HTTP/1.1[0m" 500 -
INFO:werkzeug:127.0.0.1 - - [26/May/2021 21:08:49] "[35m[1mPUT /departments HTTP/1.1[0m" 500 -
INFO:werkzeug:127.0.0.1 - - [26/May/2021 21:08:58] "[35m[1mPUT /departments HTTP/1.1[0m" 500 -
INFO:werkzeug:127.0.0.1 - - [26/May/2021 21:09:20] "[35m[1mPUT /departments HTTP/1.1[0m" 500 -
INFO:werkzeug:127.0.0.1 - - [26/May/2021 21:09:36] "[35m[1mPUT /departments HTTP/1.1[0m" 500 -
INFO:logger:###              DEMO: PUT /departments              ###
INFO:logger:---- update department  ----
INFO:logger:content: {'localidade': 'Seia', 'ndep': 10}
INFO:werkzeug:127.0.0.1 - - [26/May/2021 21:11:04] "[37mPUT /departments/ HTTP/1.1[0m" 200 -
INFO:logger:###              DEMO: POST /departments              ###
INFO:logger:---- new department  ----
DEBUG:logger:payload: {'localidade': 'Seia', 'ndep': 12, 'nome': 'Programacao'}
INFO:werkzeug:127.0.0.1 - - [26/May/2021 21:14:33] "[37mPOST /departments/ HTTP/1.1[0m" 200 -
INFO:logger:###              DEMO: POST /departments              ###
INFO:logger:---- new department  ----
DEBUG:logger:payload: {'localidade': 'Polo II', 'ndep': 69, 'nome': 'Seguranca'}
INFO:werkzeug:127.0.0.1 - - [26/May/2021 21:16:20] "[37mPOST /departments/ HTTP/1.1[0m" 200 -
INFO:werkzeug:127.0.0.1 - - [26/May/2021 23:35:54] "[33mGET /dbproj/leiloes/%7Bkeyword%7D HTTP/1.1[0m" 404 -
INFO:logger:
---------------------------------------------------------------
API v1.0 online: http://localhost:8080/departments/


INFO:werkzeug: * Running on http://localhost:8080/ (Press CTRL+C to quit)
INFO:werkzeug: * Restarting with stat
INFO:logger:
---------------------------------------------------------------
API v1.0 online: http://localhost:8080/departments/


WARNING:werkzeug: * Debugger is active!
INFO:werkzeug: * Debugger PIN: 310-140-021
INFO:werkzeug:127.0.0.1 - - [27/May/2021 09:56:45] "[33mGET /departments/%3Cndep%3E/ HTTP/1.1[0m" 404 -
INFO:werkzeug:127.0.0.1 - - [27/May/2021 09:57:02] "[33mGET /departments/%3Cndep%3E/ HTTP/1.1[0m" 404 -
INFO:werkzeug:127.0.0.1 - - [27/May/2021 09:57:26] "[33mGET /departments/10/ HTTP/1.1[0m" 404 -
INFO:logger:###              DEMO: GET /departments              ###
DEBUG:logger:---- departments  ----
DEBUG:logger:(Decimal('20'), 'Investigacao', 'Mealhada')
DEBUG:logger:(Decimal('30'), 'Vendas', 'Coimbra')
DEBUG:logger:(Decimal('40'), 'Planeamento', 'Montemor')
DEBUG:logger:(Decimal('10'), 'Contabilidade', 'Seia')
DEBUG:logger:(Decimal('12'), 'Seia', 'Programacao')
DEBUG:logger:(Decimal('69'), 'Polo II', 'Seguranca')
INFO:werkzeug:127.0.0.1 - - [27/May/2021 09:57:36] "[37mGET /departments/ HTTP/1.1[0m" 200 -
INFO:logger:###              DEMO: GET /departments/<ndep>              ###
INFO:werkzeug:127.0.0.1 - - [27/May/2021 09:58:06] "[35m[1mGET /departments/%3Cndep%3E HTTP/1.1[0m" 500 -
INFO:logger:###              DEMO: GET /departments/<ndep>              ###
INFO:werkzeug:127.0.0.1 - - [27/May/2021 09:58:30] "[35m[1mGET /departments/ndep HTTP/1.1[0m" 500 -
INFO:logger:###              DEMO: GET /departments/<ndep>              ###
INFO:werkzeug:127.0.0.1 - - [27/May/2021 09:58:44] "[35m[1mGET /departments/%7Bndep%7D HTTP/1.1[0m" 500 -
INFO:werkzeug:127.0.0.1 - - [27/May/2021 11:01:43] "[37mGET / HTTP/1.1[0m" 200 -
INFO:werkzeug:127.0.0.1 - - [27/May/2021 11:01:43] "[33mGET /favicon.ico HTTP/1.1[0m" 404 -
INFO:logger:###              DEMO: GET /departments/<ndep>              ###
INFO:werkzeug:127.0.0.1 - - [27/May/2021 11:19:43] "[35m[1mGET /departments/%7Bndep%7D HTTP/1.1[0m" 500 -
INFO:logger:
---------------------------------------------------------------
API v1.0 online: http://localhost:8080/departments/


INFO:werkzeug: * Running on http://localhost:8080/ (Press CTRL+C to quit)
INFO:werkzeug: * Restarting with stat
INFO:logger:
---------------------------------------------------------------
API v1.0 online: http://localhost:8080/departments/


WARNING:werkzeug: * Debugger is active!
INFO:werkzeug: * Debugger PIN: 310-140-021
INFO:werkzeug:127.0.0.1 - - [27/May/2021 11:44:56] "[31m[1mGET /dbproj/user/ HTTP/1.1[0m" 405 -
INFO:logger:###               POST /user              ###
INFO:logger:---- new user ----
DEBUG:logger:payload: {'user_name': 'sofia', 'email': 'sof@gmail.com', 'password': 'pass'}
INFO:werkzeug:127.0.0.1 - - [27/May/2021 11:46:18] "[37mPOST /dbproj/user/ HTTP/1.1[0m" 200 -
INFO:logger:###               POST /user              ###
INFO:logger:---- new user ----
DEBUG:logger:payload: {'user_name': 'joana', 'email': '@gmail.com', 'password': 'pass'}
INFO:werkzeug:127.0.0.1 - - [27/May/2021 11:50:04] "[37mPOST /dbproj/user/ HTTP/1.1[0m" 200 -
INFO:logger:###               POST /user              ###
INFO:logger:---- new user ----
DEBUG:logger:payload: {'user_name': 'joana', 'email': 'sof@gmail.com', 'password': 'pass'}
ERROR:logger:duplicate key value violates unique constraint "utilizador_pkey"
DETAIL:  Key (user_name)=(joana) already exists.

INFO:werkzeug:127.0.0.1 - - [27/May/2021 11:50:32] "[37mPOST /dbproj/user/ HTTP/1.1[0m" 200 -
INFO:logger:###               POST /user              ###
INFO:logger:---- new user ----
DEBUG:logger:payload: {'user_name': 'eva', 'email': 'sof@gmail.com', 'password': 'pass'}
INFO:werkzeug:127.0.0.1 - - [27/May/2021 11:51:15] "[37mPOST /dbproj/user/ HTTP/1.1[0m" 200 -
INFO:logger:###               POST /user              ###
INFO:logger:---- new user ----
DEBUG:logger:payload: {'user_name': 'manel', 'email': 'sof@gmail.com', 'password': 'pass'}
INFO:werkzeug:127.0.0.1 - - [27/May/2021 11:57:31] "[37mPOST /dbproj/user/ HTTP/1.1[0m" 200 -
INFO:logger:###               POST /user              ###
INFO:logger:---- new user ----
DEBUG:logger:payload: {'user_name': 'joao', 'email': 'sof@gmail.com', 'password': 'pass'}
INFO:werkzeug:127.0.0.1 - - [27/May/2021 12:12:23] "[37mPOST /dbproj/user/ HTTP/1.1[0m" 200 -
INFO:logger:###               POST /user              ###
INFO:logger:---- new user ----
DEBUG:logger:payload: {'user_name': 'sofia', 'email': 'sof@gmail.com', 'password': 'pass'}
ERROR:logger:duplicate key value violates unique constraint "utilizador_email_key"
DETAIL:  Key (email)=(sof@gmail.com) already exists.

INFO:werkzeug:127.0.0.1 - - [27/May/2021 12:13:13] "[37mPOST /dbproj/user/ HTTP/1.1[0m" 200 -
INFO:logger:###               POST /user              ###
INFO:logger:---- new user ----
DEBUG:logger:payload: {'user_name': 'sofia', 'email': 'sofia@gmail.com', 'password': 'pass'}
INFO:werkzeug:127.0.0.1 - - [27/May/2021 12:13:22] "[37mPOST /dbproj/user/ HTTP/1.1[0m" 200 -
INFO:werkzeug:127.0.0.1 - - [27/May/2021 12:55:14] "[33mPOST /dbproj/admin/ HTTP/1.1[0m" 404 -
INFO:werkzeug:127.0.0.1 - - [27/May/2021 12:55:33] "[33mPOST /dbproj/admin/ HTTP/1.1[0m" 404 -
INFO:logger:
---------------------------------------------------------------
API v1.0 online: http://localhost:8080/departments/


INFO:werkzeug: * Running on http://localhost:8080/ (Press CTRL+C to quit)
INFO:werkzeug: * Restarting with stat
INFO:logger:
---------------------------------------------------------------
API v1.0 online: http://localhost:8080/departments/


WARNING:werkzeug: * Debugger is active!
INFO:werkzeug: * Debugger PIN: 310-140-021
INFO:werkzeug:127.0.0.1 - - [27/May/2021 12:55:56] "[33mPOST /dbproj/admin/ HTTP/1.1[0m" 404 -
INFO:werkzeug:127.0.0.1 - - [27/May/2021 12:56:58] "[33mPOST /dbproj/admin/ HTTP/1.1[0m" 404 -
INFO:werkzeug:127.0.0.1 - - [27/May/2021 12:58:08] "[33mPOST /dbproj/admin HTTP/1.1[0m" 404 -
INFO:werkzeug:127.0.0.1 - - [27/May/2021 12:58:12] "[33mPOST /dbproj/admin/ HTTP/1.1[0m" 404 -
INFO:werkzeug:127.0.0.1 - - [27/May/2021 12:59:38] "[33mPOST /dbproj/admin/ HTTP/1.1[0m" 404 -
INFO:logger:
---------------------------------------------------------------
API v1.0 online: http://localhost:8080/departments/


INFO:werkzeug: * Running on http://localhost:8080/ (Press CTRL+C to quit)
INFO:werkzeug: * Restarting with stat
INFO:logger:
---------------------------------------------------------------
API v1.0 online: http://localhost:8080/departments/


WARNING:werkzeug: * Debugger is active!
INFO:werkzeug: * Debugger PIN: 310-140-021
INFO:werkzeug:127.0.0.1 - - [27/May/2021 13:01:37] "[33mPOST /dbproj/admin/ HTTP/1.1[0m" 404 -
INFO:logger:###               POST /user              ###
INFO:logger:---- new user ----
DEBUG:logger:payload: {'user_name': 'eva', 'email': 'eva@gmail.com', 'password': 'pass'}
INFO:werkzeug:127.0.0.1 - - [27/May/2021 13:02:10] "[37mPOST /dbproj/user/ HTTP/1.1[0m" 200 -
INFO:werkzeug:127.0.0.1 - - [27/May/2021 13:02:58] "[33mGET /users HTTP/1.1[0m" 404 -
INFO:werkzeug:127.0.0.1 - - [27/May/2021 13:03:05] "[33mGET /user HTTP/1.1[0m" 404 -
INFO:werkzeug:127.0.0.1 - - [27/May/2021 13:03:08] "[33mGET /user HTTP/1.1[0m" 404 -
INFO:werkzeug:127.0.0.1 - - [27/May/2021 13:03:16] "[33mGET /user/ HTTP/1.1[0m" 404 -
INFO:werkzeug:127.0.0.1 - - [27/May/2021 13:03:24] "[33mGET //user/ HTTP/1.1[0m" 404 -
INFO:logger:###               POST /user              ###
INFO:logger:---- new user ----
DEBUG:logger:payload: {'user_name': 'eva', 'email': 'eva@gmail.com', 'password': 'pass'}
ERROR:logger:duplicate key value violates unique constraint "utilizador_pkey"
DETAIL:  Key (user_name, email)=(eva, eva@gmail.com) already exists.

INFO:werkzeug:127.0.0.1 - - [27/May/2021 13:05:22] "[37mPOST /dbproj/user/ HTTP/1.1[0m" 200 -
INFO:werkzeug:127.0.0.1 - - [27/May/2021 13:05:22] "[33mPOST /dbproj/admin/ HTTP/1.1[0m" 404 -
INFO:werkzeug:127.0.0.1 - - [27/May/2021 13:05:22] "[31m[1mPUT /dbproj/user/ HTTP/1.1[0m" 405 -
INFO:werkzeug:127.0.0.1 - - [27/May/2021 13:05:22] "[33mPUT /dbproj/leilao/ HTTP/1.1[0m" 404 -
INFO:werkzeug:127.0.0.1 - - [27/May/2021 13:05:22] "[33mGET /dbproj/leiloes/ HTTP/1.1[0m" 404 -
INFO:werkzeug:127.0.0.1 - - [27/May/2021 13:05:22] "[33mGET /dbproj/leiloes/%7Bkeyword%7D HTTP/1.1[0m" 404 -
INFO:werkzeug:127.0.0.1 - - [27/May/2021 13:05:22] "[33mGET /dbproj/leilao/%7BleilaoId%7D HTTP/1.1[0m" 404 -
INFO:werkzeug:127.0.0.1 - - [27/May/2021 13:05:22] "[33mGET /dbproj/leiloes/%7Bkeyword%7D HTTP/1.1[0m" 404 -
INFO:werkzeug:127.0.0.1 - - [27/May/2021 13:05:22] "[33mGET /dbproj/licitar/%7BleilaoId%7D/%7Blicitacao%7D HTTP/1.1[0m" 404 -
INFO:werkzeug:127.0.0.1 - - [27/May/2021 13:05:22] "[33mPUT /dbproj/leilao/%7BleilaoId%7D HTTP/1.1[0m" 404 -
INFO:werkzeug:127.0.0.1 - - [27/May/2021 13:05:22] "[33mPUT /dbproj/mural/%7BleilaoId%7D/%7Bmenssage%7D HTTP/1.1[0m" 404 -
INFO:werkzeug:127.0.0.1 - - [27/May/2021 13:05:22] "[33mGET /dbproj/caixa_entrada/ HTTP/1.1[0m" 404 -
INFO:werkzeug:127.0.0.1 - - [27/May/2021 13:05:22] "[33mGET /dbproj/caixa_entrada/ HTTP/1.1[0m" 404 -
INFO:werkzeug:127.0.0.1 - - [27/May/2021 13:05:22] "[33mGET /dbproj/leilao/%7BleilaoId%7D HTTP/1.1[0m" 404 -
INFO:logger:###              DEMO: GET /departments/<ndep>              ###
INFO:werkzeug:127.0.0.1 - - [27/May/2021 13:05:22] "[35m[1mGET /departments/%7Bndep%7D HTTP/1.1[0m" 500 -
INFO:werkzeug:127.0.0.1 - - [27/May/2021 13:05:29] "[33mPOST /dbproj/admin/ HTTP/1.1[0m" 404 -
INFO:logger:
---------------------------------------------------------------
API v1.0 online: http://localhost:8080/departments/


INFO:werkzeug: * Running on http://localhost:8080/ (Press CTRL+C to quit)
INFO:werkzeug: * Restarting with stat
INFO:logger:
---------------------------------------------------------------
API v1.0 online: http://localhost:8080/departments/


WARNING:werkzeug: * Debugger is active!
INFO:werkzeug: * Debugger PIN: 310-140-021
INFO:werkzeug:127.0.0.1 - - [27/May/2021 13:08:17] "[33mPOST /dbproj/admin/ HTTP/1.1[0m" 404 -
INFO:werkzeug:127.0.0.1 - - [27/May/2021 13:11:17] "[33mPOST /dbproj/admin HTTP/1.1[0m" 404 -
INFO:werkzeug:127.0.0.1 - - [27/May/2021 13:11:33] "[33mPOST /dbproj HTTP/1.1[0m" 404 -
INFO:werkzeug:127.0.0.1 - - [27/May/2021 13:11:37] "[33mPOST /dbproj/ HTTP/1.1[0m" 404 -
INFO:logger:
---------------------------------------------------------------
API v1.0 online: http://localhost:8080/departments/


INFO:werkzeug: * Running on http://localhost:8080/ (Press CTRL+C to quit)
INFO:werkzeug: * Restarting with stat
INFO:logger:
---------------------------------------------------------------
API v1.0 online: http://localhost:8080/departments/


WARNING:werkzeug: * Debugger is active!
INFO:werkzeug: * Debugger PIN: 310-140-021
INFO:werkzeug:127.0.0.1 - - [27/May/2021 13:12:46] "[33mPOST /dbproj/admin/ HTTP/1.1[0m" 404 -
INFO:werkzeug:127.0.0.1 - - [27/May/2021 15:13:51] "[33mPOST /dbproj/admin/ HTTP/1.1[0m" 404 -
INFO:werkzeug:127.0.0.1 - - [27/May/2021 15:13:58] "[33mPOST /dbproj/admin/ HTTP/1.1[0m" 404 -
INFO:logger:
---------------------------------------------------------------
API v1.0 online: http://localhost:8080/departments/


INFO:werkzeug: * Running on http://localhost:8080/ (Press CTRL+C to quit)
INFO:werkzeug: * Restarting with stat
INFO:logger:
---------------------------------------------------------------
API v1.0 online: http://localhost:8080/departments/


WARNING:werkzeug: * Debugger is active!
INFO:werkzeug: * Debugger PIN: 310-140-021
INFO:werkzeug:127.0.0.1 - - [27/May/2021 15:31:46] "[33mPOST /dbproj/admin/ HTTP/1.1[0m" 404 -
INFO:logger:###               POST /user              ###
INFO:logger:---- new user ----
DEBUG:logger:payload: {'user_name': 'andre', 'email': 'andre@gmail.com', 'password': 'pato1234'}
INFO:werkzeug:127.0.0.1 - - [27/May/2021 23:20:52] "[37mPOST /dbproj/user/ HTTP/1.1[0m" 200 -
INFO:logger:
---------------------------------------------------------------
API v1.0 online: http://localhost:8080/departments/


INFO:werkzeug:127.0.0.1 - - [27/May/2021 23:30:24] "[33mPOST /dbproj/admin/ HTTP/1.1[0m" 404 -
INFO:logger:
---------------------------------------------------------------
API v1.0 online: http://localhost:8080/departments/


INFO:werkzeug:127.0.0.1 - - [27/May/2021 23:45:17] "[33mPOST /dbproj/admin/ HTTP/1.1[0m" 404 -
INFO:logger:
---------------------------------------------------------------
API v1.0 online: http://localhost:8080/departments/


INFO:werkzeug: * Running on http://localhost:8080/ (Press CTRL+C to quit)
INFO:werkzeug: * Restarting with stat
INFO:logger:
---------------------------------------------------------------
API v1.0 online: http://localhost:8080/departments/


WARNING:werkzeug: * Debugger is active!
INFO:werkzeug: * Debugger PIN: 310-140-021
INFO:logger:### POST - Add new admin ###
INFO:logger:---- New Admin ----
DEBUG:logger:payload: {'user_name': 'rita', 'email': 'rita@gmail.com', 'password': 'pato345'}
INFO:werkzeug:127.0.0.1 - - [27/May/2021 23:49:02] "[37mPOST /dbproj/admin/ HTTP/1.1[0m" 200 -
INFO:logger:### POST - Add new user ###
INFO:logger:---- New User ----
DEBUG:logger:payload: {'user_name': 'goncalo', 'email': 'goncalo@gmail.com', 'password': 'pato1234'}
INFO:werkzeug:127.0.0.1 - - [27/May/2021 23:50:13] "[37mPOST /dbproj/user/ HTTP/1.1[0m" 200 -
INFO:logger:### POST - Add new user ###
INFO:logger:---- New User ----
DEBUG:logger:payload: {'user_name': 'goncalo', 'email': 'goncalo@gmail.com', 'password': 'pato1234'}
ERROR:logger:duplicate key value violates unique constraint "utilizador_pkey"
DETAIL:  Key (user_name, email)=(goncalo, goncalo@gmail.com) already exists.

INFO:werkzeug:127.0.0.1 - - [27/May/2021 23:50:17] "[37mPOST /dbproj/user/ HTTP/1.1[0m" 200 -
INFO:werkzeug: * Detected change in '/Volumes/DISK_SOFS/Faculdade/2oAno/2oSemestre/Disciplinas/BD/Praticas/Projeto/Projeto_BD_meta_final/leiloes_BD/venv/aux.py', reloading
INFO:werkzeug: * Restarting with stat
INFO:logger:
---------------------------------------------------------------
API v1.0 online: http://localhost:8080/departments/


INFO:werkzeug: * Running on http://localhost:8080/ (Press CTRL+C to quit)
INFO:werkzeug: * Restarting with stat
INFO:logger:
---------------------------------------------------------------
API v1.0 online: http://localhost:8080/departments/


WARNING:werkzeug: * Debugger is active!
INFO:werkzeug: * Debugger PIN: 310-140-021
INFO:werkzeug:127.0.0.1 - - [28/May/2021 11:31:58] "[33mGET /dbproj/leiloes/ HTTP/1.1[0m" 404 -
INFO:werkzeug:127.0.0.1 - - [28/May/2021 11:32:26] "[31m[1mGET /dbproj/user/ HTTP/1.1[0m" 405 -
INFO:logger:### POST - Add new user ###
INFO:logger:---- New User ----
DEBUG:logger:payload: {'user_name': 'goncalo', 'email': 'goncalo@gmail.com', 'password': 'pato1234'}
INFO:logger:### New token created ###
INFO:logger:---- New Token ----
INFO:werkzeug:127.0.0.1 - - [28/May/2021 11:32:48] "[35m[1mPOST /dbproj/user/ HTTP/1.1[0m" 500 -
INFO:werkzeug: * Detected change in '/Volumes/DISK_SOFS/Faculdade/2oAno/2oSemestre/Disciplinas/BD/Praticas/Projeto/Projeto_BD_meta_final/leiloes_BD/venv/leiloes.py', reloading
INFO:werkzeug: * Restarting with stat
INFO:logger:
---------------------------------------------------------------
API v1.0 online: http://localhost:8080/departments/


WARNING:werkzeug: * Debugger is active!
INFO:werkzeug: * Debugger PIN: 310-140-021
INFO:logger:
---------------------------------------------------------------
API v1.0 online: http://localhost:8080/departments/


INFO:werkzeug: * Running on http://localhost:8080/ (Press CTRL+C to quit)
INFO:werkzeug: * Restarting with stat
INFO:logger:
---------------------------------------------------------------
API v1.0 online: http://localhost:8080/departments/


WARNING:werkzeug: * Debugger is active!
INFO:werkzeug: * Debugger PIN: 310-140-021
INFO:logger:### POST - Add new user ###
INFO:logger:---- New User ----
DEBUG:logger:payload: {'user_name': 'goncalo', 'email': 'goncalo@gmail.com', 'password': 'pato1234'}
INFO:logger:### New token created ###
INFO:logger:---- New Token ----
INFO:werkzeug:127.0.0.1 - - [28/May/2021 11:33:49] "[35m[1mPOST /dbproj/user/ HTTP/1.1[0m" 500 -
INFO:werkzeug: * Detected change in '/Volumes/DISK_SOFS/Faculdade/2oAno/2oSemestre/Disciplinas/BD/Praticas/Projeto/Projeto_BD_meta_final/leiloes_BD/venv/leiloes.py', reloading
INFO:werkzeug: * Restarting with stat
INFO:logger:
---------------------------------------------------------------
API v1.0 online: http://localhost:8080/departments/


WARNING:werkzeug: * Debugger is active!
INFO:werkzeug: * Debugger PIN: 310-140-021
INFO:logger:### POST - Add new user ###
INFO:logger:---- New User ----
DEBUG:logger:payload: {'user_name': 'goncalo', 'email': 'goncalo@gmail.com', 'password': 'pato1234'}
INFO:logger:### New token created ###
INFO:logger:---- New Token ----
INFO:werkzeug:127.0.0.1 - - [28/May/2021 11:36:05] "[35m[1mPOST /dbproj/user/ HTTP/1.1[0m" 500 -
INFO:werkzeug: * Detected change in '/Volumes/DISK_SOFS/Faculdade/2oAno/2oSemestre/Disciplinas/BD/Praticas/Projeto/Projeto_BD_meta_final/leiloes_BD/venv/leiloes.py', reloading
INFO:werkzeug: * Restarting with stat
INFO:logger:
---------------------------------------------------------------
API v1.0 online: http://localhost:8080/departments/


WARNING:werkzeug: * Debugger is active!
INFO:werkzeug: * Debugger PIN: 310-140-021
INFO:logger:### POST - Add new user ###
INFO:logger:---- New User ----
DEBUG:logger:payload: {'user_name': 'goncalo', 'email': 'goncalo@gmail.com', 'password': 'pato1234'}
INFO:logger:### New token created ###
INFO:logger:---- New Token ----
ERROR:logger:relation "token" does not exist
LINE 2:                   INSERT INTO token (valor, validade, utiliz...
                                      ^

ERROR:logger:relation "utilizador" does not exist
LINE 2:                   INSERT INTO utilizador (user_name, email, ...
                                      ^

INFO:werkzeug:127.0.0.1 - - [28/May/2021 11:38:23] "[37mPOST /dbproj/user/ HTTP/1.1[0m" 200 -
INFO:logger:### POST - Add new user ###
INFO:logger:---- New User ----
DEBUG:logger:payload: {'user_name': 'goncalo', 'email': 'goncalo@gmail.com', 'password': 'pato1234'}
INFO:logger:### New token created ###
INFO:logger:---- New Token ----
ERROR:logger:insert or update on table "token" violates foreign key constraint "token_fk1"
DETAIL:  Key (utilizador_user_name)=(goncalo) is not present in table "utilizador".

INFO:werkzeug:127.0.0.1 - - [28/May/2021 11:41:36] "[37mPOST /dbproj/user/ HTTP/1.1[0m" 200 -
INFO:werkzeug: * Detected change in '/Volumes/DISK_SOFS/Faculdade/2oAno/2oSemestre/Disciplinas/BD/Praticas/Projeto/Projeto_BD_meta_final/leiloes_BD/venv/leiloes.py', reloading
INFO:werkzeug: * Restarting with stat
INFO:logger:
---------------------------------------------------------------
API v1.0 online: http://localhost:8080/departments/


WARNING:werkzeug: * Debugger is active!
INFO:werkzeug: * Debugger PIN: 310-140-021
INFO:logger:### POST - Add new user ###
INFO:logger:---- New User ----
DEBUG:logger:payload: {'user_name': 'sofia', 'email': 'sofia@gmail.com', 'password': 'pato1234'}
INFO:logger:### New token created ###
INFO:logger:---- New Token ----
INFO:werkzeug:127.0.0.1 - - [28/May/2021 11:45:11] "[37mPOST /dbproj/user/ HTTP/1.1[0m" 200 -
INFO:werkzeug: * Detected change in '/Volumes/DISK_SOFS/Faculdade/2oAno/2oSemestre/Disciplinas/BD/Praticas/Projeto/Projeto_BD_meta_final/leiloes_BD/venv/leiloes.py', reloading
INFO:werkzeug: * Restarting with stat
INFO:logger:
---------------------------------------------------------------
API v1.0 online: http://localhost:8080/departments/


WARNING:werkzeug: * Debugger is active!
INFO:werkzeug: * Debugger PIN: 310-140-021
INFO:logger:### POST - Add new admin ###
INFO:logger:---- New Admin ----
DEBUG:logger:payload: {'user_name': 'rita', 'email': 'rita@gmail.com', 'password': 'pato345'}
INFO:logger:### New token created ###
INFO:logger:---- New Token ----
ERROR:logger:duplicate key value violates unique constraint "token_pkey"
DETAIL:  Key (valor)=(1000000001) already exists.

INFO:werkzeug:127.0.0.1 - - [28/May/2021 11:47:04] "[37mPOST /dbproj/admin/ HTTP/1.1[0m" 200 -
INFO:logger:### POST - Add new admin ###
INFO:logger:---- New Admin ----
DEBUG:logger:payload: {'user_name': 'joana', 'email': 'joana@gmail.com', 'password': 'pass'}
ERROR:logger:Error: Wrong password
INFO:werkzeug:127.0.0.1 - - [28/May/2021 11:47:16] "[37mPOST /dbproj/admin/ HTTP/1.1[0m" 200 -
INFO:werkzeug: * Detected change in '/Volumes/DISK_SOFS/Faculdade/2oAno/2oSemestre/Disciplinas/BD/Praticas/Projeto/Projeto_BD_meta_final/leiloes_BD/venv/leiloes.py', reloading
INFO:werkzeug: * Restarting with stat
INFO:logger:
---------------------------------------------------------------
API v1.0 online: http://localhost:8080/departments/


WARNING:werkzeug: * Debugger is active!
INFO:werkzeug: * Debugger PIN: 310-140-021
INFO:logger:### POST - Add new admin ###
INFO:logger:---- New Admin ----
DEBUG:logger:payload: {'user_name': 'joana', 'email': 'joana@gmail.com', 'password': 'pato1234'}
ERROR:logger:Error: Wrong password
INFO:werkzeug:127.0.0.1 - - [28/May/2021 11:51:17] "[37mPOST /dbproj/admin/ HTTP/1.1[0m" 200 -
INFO:logger:### POST - Add new admin ###
INFO:logger:---- New Admin ----
DEBUG:logger:payload: {'user_name': 'joana', 'email': 'joana@gmail.com', 'password': 'pato123'}
ERROR:logger:Error: Wrong password
INFO:werkzeug:127.0.0.1 - - [28/May/2021 11:51:20] "[37mPOST /dbproj/admin/ HTTP/1.1[0m" 200 -
INFO:logger:### POST - Add new admin ###
INFO:logger:---- New Admin ----
DEBUG:logger:payload: {'user_name': 'joana', 'email': 'joana@gmail.com', 'password': 'pato345'}
INFO:logger:### New token created ###
INFO:logger:---- New Token ----
ERROR:logger:duplicate key value violates unique constraint "token_pkey"
DETAIL:  Key (valor)=(1000000001) already exists.

INFO:werkzeug:127.0.0.1 - - [28/May/2021 11:51:29] "[37mPOST /dbproj/admin/ HTTP/1.1[0m" 200 -
INFO:werkzeug: * Detected change in '/Volumes/DISK_SOFS/Faculdade/2oAno/2oSemestre/Disciplinas/BD/Praticas/Projeto/Projeto_BD_meta_final/leiloes_BD/venv/leiloes.py', reloading
INFO:werkzeug: * Restarting with stat
INFO:logger:
---------------------------------------------------------------
API v1.0 online: http://localhost:8080/departments/


WARNING:werkzeug: * Debugger is active!
INFO:werkzeug: * Debugger PIN: 310-140-021
INFO:werkzeug: * Detected change in '/Volumes/DISK_SOFS/Faculdade/2oAno/2oSemestre/Disciplinas/BD/Praticas/Projeto/Projeto_BD_meta_final/leiloes_BD/venv/aux.py', reloading
INFO:werkzeug: * Restarting with stat
INFO:logger:
---------------------------------------------------------------
API v1.0 online: http://localhost:8080/departments/


WARNING:werkzeug: * Debugger is active!
INFO:werkzeug: * Debugger PIN: 310-140-021
INFO:logger:### POST - Add new admin ###
INFO:logger:---- New Admin ----
DEBUG:logger:payload: {'user_name': 'eva', 'email': 'eva@gmail.com', 'password': 'pato345'}
INFO:logger:### New token created ###
INFO:logger:---- New Token ----
ERROR:logger:name 'base_token_value' is not defined
INFO:werkzeug:127.0.0.1 - - [28/May/2021 11:57:24] "[37mPOST /dbproj/admin/ HTTP/1.1[0m" 200 -
INFO:werkzeug: * Detected change in '/Volumes/DISK_SOFS/Faculdade/2oAno/2oSemestre/Disciplinas/BD/Praticas/Projeto/Projeto_BD_meta_final/leiloes_BD/venv/leiloes.py', reloading
INFO:werkzeug: * Restarting with stat
INFO:logger:
---------------------------------------------------------------
API v1.0 online: http://localhost:8080/departments/


WARNING:werkzeug: * Debugger is active!
INFO:werkzeug: * Debugger PIN: 310-140-021
INFO:logger:### POST - Add new admin ###
INFO:logger:---- New Admin ----
DEBUG:logger:payload: {'user_name': 'eva', 'email': 'eva@gmail.com', 'password': 'pato345'}
ERROR:logger:duplicate key value violates unique constraint "utilizador_pkey"
DETAIL:  Key (user_name, email)=(eva, eva@gmail.com) already exists.

INFO:werkzeug:127.0.0.1 - - [28/May/2021 11:58:46] "[37mPOST /dbproj/admin/ HTTP/1.1[0m" 200 -
INFO:logger:### POST - Add new admin ###
INFO:logger:---- New Admin ----
DEBUG:logger:payload: {'user_name': 'bento', 'email': 'bento@gmail.com', 'password': 'pato345'}
INFO:logger:### New token created ###
INFO:logger:---- New Token ----
ERROR:logger:duplicate key value violates unique constraint "token_pkey"
DETAIL:  Key (valor)=(1000000001) already exists.

INFO:werkzeug:127.0.0.1 - - [28/May/2021 11:59:48] "[37mPOST /dbproj/admin/ HTTP/1.1[0m" 200 -
INFO:werkzeug: * Detected change in '/Volumes/DISK_SOFS/Faculdade/2oAno/2oSemestre/Disciplinas/BD/Praticas/Projeto/Projeto_BD_meta_final/leiloes_BD/venv/leiloes.py', reloading
INFO:werkzeug: * Restarting with stat
INFO:logger:
---------------------------------------------------------------
API v1.0 online: http://localhost:8080/departments/


WARNING:werkzeug: * Debugger is active!
INFO:werkzeug: * Debugger PIN: 310-140-021
INFO:werkzeug: * Detected change in '/Volumes/DISK_SOFS/Faculdade/2oAno/2oSemestre/Disciplinas/BD/Praticas/Projeto/Projeto_BD_meta_final/leiloes_BD/venv/leiloes.py', reloading
INFO:werkzeug: * Restarting with stat
INFO:logger:
---------------------------------------------------------------
API v1.0 online: http://localhost:8080/departments/


WARNING:werkzeug: * Debugger is active!
INFO:werkzeug: * Debugger PIN: 310-140-021
INFO:werkzeug: * Detected change in '/Volumes/DISK_SOFS/Faculdade/2oAno/2oSemestre/Disciplinas/BD/Praticas/Projeto/Projeto_BD_meta_final/leiloes_BD/venv/aux.py', reloading
INFO:werkzeug: * Restarting with stat
INFO:logger:
---------------------------------------------------------------
API v1.0 online: http://localhost:8080/departments/


WARNING:werkzeug: * Debugger is active!
INFO:werkzeug: * Debugger PIN: 310-140-021
INFO:logger:### POST - Add new admin ###
INFO:logger:---- New Admin ----
DEBUG:logger:payload: {'user_name': 'sofia1', 'email': 'sofia1@gmail.com', 'password': 'pato345'}
INFO:logger:### New token created ###
INFO:logger:---- New Token ----
ERROR:logger:duplicate key value violates unique constraint "token_pkey"
DETAIL:  Key (valor)=(1000000001) already exists.

INFO:werkzeug:127.0.0.1 - - [28/May/2021 12:05:58] "[37mPOST /dbproj/admin/ HTTP/1.1[0m" 200 -
INFO:werkzeug: * Detected change in '/Volumes/DISK_SOFS/Faculdade/2oAno/2oSemestre/Disciplinas/BD/Praticas/Projeto/Projeto_BD_meta_final/leiloes_BD/venv/leiloes.py', reloading
INFO:werkzeug: * Restarting with stat
INFO:logger:
---------------------------------------------------------------
API v1.0 online: http://localhost:8080/departments/


WARNING:werkzeug: * Debugger is active!
INFO:werkzeug: * Debugger PIN: 310-140-021
INFO:logger:### POST - Add new admin ###
INFO:logger:---- New Admin ----
DEBUG:logger:payload: {'user_name': 'sofia3', 'email': 'sofia3@gmail.com', 'password': 'pato345'}
INFO:logger:### New token created ###
INFO:logger:---- New Token ----
INFO:werkzeug:127.0.0.1 - - [28/May/2021 12:12:02] "[37mPOST /dbproj/admin/ HTTP/1.1[0m" 200 -
INFO:logger:### POST - Add new admin ###
INFO:logger:---- New Admin ----
DEBUG:logger:payload: {'user_name': 'sofia2', 'email': 'sofia2@gmail.com', 'password': 'pato345'}
INFO:logger:### New token created ###
INFO:logger:---- New Token ----
INFO:werkzeug:127.0.0.1 - - [28/May/2021 12:12:49] "[37mPOST /dbproj/admin/ HTTP/1.1[0m" 200 -
INFO:werkzeug: * Detected change in '/Volumes/DISK_SOFS/Faculdade/2oAno/2oSemestre/Disciplinas/BD/Praticas/Projeto/Projeto_BD_meta_final/leiloes_BD/venv/leiloes.py', reloading
INFO:werkzeug: * Restarting with stat
INFO:logger:
---------------------------------------------------------------
API v1.0 online: http://localhost:8080/departments/


WARNING:werkzeug: * Debugger is active!
INFO:werkzeug: * Debugger PIN: 310-140-021
INFO:logger:### POST - Add new user ###
INFO:logger:---- New User ----
DEBUG:logger:payload: {'user_name': 'sofia2', 'email': 'sofia2@gmail.com', 'password': 'pato1234'}
ERROR:logger:duplicate key value violates unique constraint "utilizador_pkey"
DETAIL:  Key (user_name, email)=(sofia2, sofia2@gmail.com) already exists.

INFO:werkzeug:127.0.0.1 - - [28/May/2021 12:15:46] "[37mPOST /dbproj/user/ HTTP/1.1[0m" 200 -
INFO:logger:### POST - Add new user ###
INFO:logger:---- New User ----
DEBUG:logger:payload: {'user_name': 'sofia4', 'email': 'sofia4@gmail.com', 'password': 'pato1234'}
INFO:logger:### New token created ###
INFO:logger:---- New Token ----
INFO:werkzeug:127.0.0.1 - - [28/May/2021 12:15:52] "[37mPOST /dbproj/user/ HTTP/1.1[0m" 200 -
INFO:werkzeug: * Detected change in '/Volumes/DISK_SOFS/Faculdade/2oAno/2oSemestre/Disciplinas/BD/Praticas/Projeto/Projeto_BD_meta_final/leiloes_BD/venv/leiloes.py', reloading
INFO:werkzeug: * Restarting with stat
INFO:logger:
---------------------------------------------------------------
API v1.0 online: http://localhost:8080/departments/


WARNING:werkzeug: * Debugger is active!
INFO:werkzeug: * Debugger PIN: 310-140-021
INFO:werkzeug: * Detected change in '/Volumes/DISK_SOFS/Faculdade/2oAno/2oSemestre/Disciplinas/BD/Praticas/Projeto/Projeto_BD_meta_final/leiloes_BD/venv/leiloes.py', reloading
INFO:werkzeug: * Restarting with stat
INFO:logger:
---------------------------------------------------------------
API v1.0 online: http://localhost:8080/departments/


WARNING:werkzeug: * Debugger is active!
INFO:werkzeug: * Debugger PIN: 310-140-021
INFO:logger:### POST - Add new user ###
INFO:logger:---- New User ----
DEBUG:logger:payload: {'user_name': 'sofia5', 'email': 'sofia5@gmail.com', 'password': 'pato1234'}
INFO:logger:### New token created ###
INFO:logger:---- New Token ----
ERROR:logger:duplicate key value violates unique constraint "token_pkey"
DETAIL:  Key (valor)=(1000000001) already exists.

ERROR:logger:can only concatenate str (not "int") to str
INFO:werkzeug:127.0.0.1 - - [28/May/2021 12:22:06] "[37mPOST /dbproj/user/ HTTP/1.1[0m" 200 -
INFO:werkzeug: * Detected change in '/Volumes/DISK_SOFS/Faculdade/2oAno/2oSemestre/Disciplinas/BD/Praticas/Projeto/Projeto_BD_meta_final/leiloes_BD/venv/leiloes.py', reloading
INFO:werkzeug: * Restarting with stat
INFO:logger:
---------------------------------------------------------------
API v1.0 online: http://localhost:8080/departments/


WARNING:werkzeug: * Debugger is active!
INFO:werkzeug: * Debugger PIN: 310-140-021
INFO:logger:### POST - Add new user ###
INFO:logger:---- New User ----
DEBUG:logger:payload: {'user_name': 'sofia5', 'email': 'sofia5@gmail.com', 'password': 'pato1234'}
ERROR:logger:duplicate key value violates unique constraint "utilizador_pkey"
DETAIL:  Key (user_name, email)=(sofia5, sofia5@gmail.com) already exists.

INFO:werkzeug:127.0.0.1 - - [28/May/2021 12:22:56] "[37mPOST /dbproj/user/ HTTP/1.1[0m" 200 -
INFO:werkzeug: * Detected change in '/Volumes/DISK_SOFS/Faculdade/2oAno/2oSemestre/Disciplinas/BD/Praticas/Projeto/Projeto_BD_meta_final/leiloes_BD/venv/leiloes.py', reloading
INFO:werkzeug: * Restarting with stat
INFO:logger:
---------------------------------------------------------------
API v1.0 online: http://localhost:8080/departments/


WARNING:werkzeug: * Debugger is active!
INFO:werkzeug: * Debugger PIN: 310-140-021
INFO:werkzeug: * Detected change in '/Volumes/DISK_SOFS/Faculdade/2oAno/2oSemestre/Disciplinas/BD/Praticas/Projeto/Projeto_BD_meta_final/leiloes_BD/venv/leiloes.py', reloading
INFO:werkzeug: * Restarting with stat
INFO:logger:
---------------------------------------------------------------
API v1.0 online: http://localhost:8080/departments/


WARNING:werkzeug: * Debugger is active!
INFO:werkzeug: * Debugger PIN: 310-140-021
INFO:logger:### POST - Add new user ###
INFO:logger:---- New User ----
DEBUG:logger:payload: {'user_name': 'sofia6', 'email': 'sofia6@gmail.com', 'password': 'pato1234'}
INFO:logger:### New token created ###
INFO:logger:---- New Token ----
ERROR:logger:can only concatenate str (not "tuple") to str
INFO:werkzeug:127.0.0.1 - - [28/May/2021 12:27:54] "[37mPOST /dbproj/user/ HTTP/1.1[0m" 200 -
INFO:logger:### POST - Add new user ###
INFO:logger:---- New User ----
DEBUG:logger:payload: {'user_name': 'sofia7', 'email': 'sofia7@gmail.com', 'password': 'pato1234'}
INFO:logger:### New token created ###
INFO:logger:---- New Token ----
ERROR:logger:duplicate key value violates unique constraint "token_pkey"
DETAIL:  Key (valor)=(1000000002) already exists.

ERROR:logger:can only concatenate str (not "tuple") to str
INFO:werkzeug:127.0.0.1 - - [28/May/2021 12:28:09] "[37mPOST /dbproj/user/ HTTP/1.1[0m" 200 -
INFO:werkzeug: * Detected change in '/Volumes/DISK_SOFS/Faculdade/2oAno/2oSemestre/Disciplinas/BD/Praticas/Projeto/Projeto_BD_meta_final/leiloes_BD/venv/leiloes.py', reloading
INFO:werkzeug: * Restarting with stat
INFO:logger:
---------------------------------------------------------------
API v1.0 online: http://localhost:8080/departments/


WARNING:werkzeug: * Debugger is active!
INFO:werkzeug: * Debugger PIN: 310-140-021
INFO:logger:### POST - Add new user ###
INFO:logger:---- New User ----
DEBUG:logger:payload: {'user_name': 'sofia7', 'email': 'sofia7@gmail.com', 'password': 'pato1234'}
ERROR:logger:duplicate key value violates unique constraint "utilizador_pkey"
DETAIL:  Key (user_name, email)=(sofia7, sofia7@gmail.com) already exists.

INFO:werkzeug:127.0.0.1 - - [28/May/2021 12:31:31] "[37mPOST /dbproj/user/ HTTP/1.1[0m" 200 -
INFO:logger:### POST - Add new user ###
INFO:logger:---- New User ----
DEBUG:logger:payload: {'user_name': 'sofia8', 'email': 'sofia8@gmail.com', 'password': 'pato1234'}
INFO:logger:### New token created ###
INFO:logger:---- New Token ----
ERROR:logger:duplicate key value violates unique constraint "token_pkey"
DETAIL:  Key (valor)=(1000000002) already exists.

ERROR:logger:Token could not be created.
ERROR:logger:can only concatenate str (not "int") to str
INFO:werkzeug:127.0.0.1 - - [28/May/2021 12:31:51] "[37mPOST /dbproj/user/ HTTP/1.1[0m" 200 -
INFO:werkzeug: * Detected change in '/Volumes/DISK_SOFS/Faculdade/2oAno/2oSemestre/Disciplinas/BD/Praticas/Projeto/Projeto_BD_meta_final/leiloes_BD/venv/leiloes.py', reloading
INFO:werkzeug: * Restarting with stat
INFO:logger:
---------------------------------------------------------------
API v1.0 online: http://localhost:8080/departments/


WARNING:werkzeug: * Debugger is active!
INFO:werkzeug: * Debugger PIN: 310-140-021
INFO:logger:### POST - Add new user ###
INFO:logger:---- New User ----
DEBUG:logger:payload: {'user_name': 'sofia9', 'email': 'sofia9@gmail.com', 'password': 'pato1234'}
INFO:logger:### New token created ###
INFO:logger:---- New Token ----
ERROR:logger:duplicate key value violates unique constraint "token_pkey"
DETAIL:  Key (valor)=(1000000002) already exists.

ERROR:logger:Token could not be created.
INFO:werkzeug:127.0.0.1 - - [28/May/2021 12:33:16] "[37mPOST /dbproj/user/ HTTP/1.1[0m" 200 -
INFO:werkzeug: * Detected change in '/Volumes/DISK_SOFS/Faculdade/2oAno/2oSemestre/Disciplinas/BD/Praticas/Projeto/Projeto_BD_meta_final/leiloes_BD/venv/leiloes.py', reloading
INFO:werkzeug: * Restarting with stat
INFO:logger:
---------------------------------------------------------------
API v1.0 online: http://localhost:8080/departments/


WARNING:werkzeug: * Debugger is active!
INFO:werkzeug: * Debugger PIN: 310-140-021
INFO:logger:### POST - Add new user ###
INFO:logger:---- New User ----
DEBUG:logger:payload: {'user_name': 'sofia10', 'email': 'sofia10@gmail.com', 'password': 'pato1234'}
INFO:logger:### New token created ###
INFO:logger:---- New Token ----
ERROR:logger:duplicate key value violates unique constraint "token_pkey"
DETAIL:  Key (valor)=(1000000002) already exists.

ERROR:logger:Token could not be created.
INFO:werkzeug:127.0.0.1 - - [28/May/2021 12:36:52] "[37mPOST /dbproj/user/ HTTP/1.1[0m" 200 -
INFO:werkzeug: * Detected change in '/Volumes/DISK_SOFS/Faculdade/2oAno/2oSemestre/Disciplinas/BD/Praticas/Projeto/Projeto_BD_meta_final/leiloes_BD/venv/leiloes.py', reloading
INFO:werkzeug: * Restarting with stat
INFO:logger:
---------------------------------------------------------------
API v1.0 online: http://localhost:8080/departments/


WARNING:werkzeug: * Debugger is active!
INFO:werkzeug: * Debugger PIN: 310-140-021
INFO:logger:### POST - Add new user ###
INFO:logger:---- New User ----
DEBUG:logger:payload: {'user_name': 'sofia11', 'email': 'sofia11@gmail.com', 'password': 'pato1234'}
INFO:logger:### New token created ###
INFO:logger:---- New Token ----
ERROR:logger:duplicate key value violates unique constraint "token_pkey"
DETAIL:  Key (valor)=(1000000002) already exists.

ERROR:logger:Token could not be created.
INFO:werkzeug:127.0.0.1 - - [28/May/2021 12:38:54] "[37mPOST /dbproj/user/ HTTP/1.1[0m" 200 -
INFO:logger:
---------------------------------------------------------------
API v1.0 online: http://localhost:8080/departments/


INFO:werkzeug: * Running on http://localhost:8080/ (Press CTRL+C to quit)
INFO:werkzeug: * Restarting with stat
INFO:logger:
---------------------------------------------------------------
API v1.0 online: http://localhost:8080/departments/


WARNING:werkzeug: * Debugger is active!
INFO:werkzeug: * Debugger PIN: 310-140-021
INFO:logger:### POST - Add new user ###
INFO:logger:---- New User ----
DEBUG:logger:payload: {'user_name': 'sofia11', 'email': 'sofia11@gmail.com', 'password': 'pato1234'}
ERROR:logger:duplicate key value violates unique constraint "utilizador_pkey"
DETAIL:  Key (user_name, email)=(sofia11, sofia11@gmail.com) already exists.

INFO:werkzeug:127.0.0.1 - - [28/May/2021 12:39:23] "[37mPOST /dbproj/user/ HTTP/1.1[0m" 200 -
INFO:logger:### POST - Add new user ###
INFO:logger:---- New User ----
DEBUG:logger:payload: {'user_name': 'sofia12', 'email': 'sofia12@gmail.com', 'password': 'pato1234'}
INFO:logger:### New token created ###
INFO:logger:---- New Token ----
ERROR:logger:duplicate key value violates unique constraint "token_pkey"
DETAIL:  Key (valor)=(1000000002) already exists.

ERROR:logger:Token could not be created.
INFO:werkzeug:127.0.0.1 - - [28/May/2021 12:39:29] "[37mPOST /dbproj/user/ HTTP/1.1[0m" 200 -
INFO:werkzeug: * Detected change in '/Volumes/DISK_SOFS/Faculdade/2oAno/2oSemestre/Disciplinas/BD/Praticas/Projeto/Projeto_BD_meta_final/leiloes_BD/venv/leiloes.py', reloading
INFO:werkzeug: * Restarting with stat
INFO:logger:
---------------------------------------------------------------
API v1.0 online: http://localhost:8080/departments/


WARNING:werkzeug: * Debugger is active!
INFO:werkzeug: * Debugger PIN: 310-140-021
INFO:logger:### POST - Add new user ###
INFO:logger:---- New User ----
DEBUG:logger:payload: {'user_name': 'sofia13', 'email': 'sofia13@gmail.com', 'password': 'pato1234'}
INFO:logger:### New token created ###
INFO:logger:---- New Token ----
ERROR:logger:duplicate key value violates unique constraint "token_pkey"
DETAIL:  Key (valor)=(1000000002) already exists.

ERROR:logger:Token could not be created.
INFO:werkzeug:127.0.0.1 - - [28/May/2021 12:39:49] "[37mPOST /dbproj/user/ HTTP/1.1[0m" 200 -
INFO:logger:### POST - Add new admin ###
INFO:logger:---- New Admin ----
DEBUG:logger:payload: {'user_name': 'sofia14', 'email': 'sofia14@gmail.com', 'password': 'pato345'}
INFO:logger:### New token created ###
INFO:logger:---- New Token ----
ERROR:logger:duplicate key value violates unique constraint "token_pkey"
DETAIL:  Key (valor)=(1000000002) already exists.

ERROR:logger:Token could not be created.
INFO:werkzeug:127.0.0.1 - - [28/May/2021 12:40:06] "[37mPOST /dbproj/admin/ HTTP/1.1[0m" 200 -
INFO:werkzeug: * Detected change in '/Volumes/DISK_SOFS/Faculdade/2oAno/2oSemestre/Disciplinas/BD/Praticas/Projeto/Projeto_BD_meta_final/leiloes_BD/venv/leiloes.py', reloading
INFO:werkzeug: * Restarting with stat
INFO:logger:
---------------------------------------------------------------
API v1.0 online: http://localhost:8080/departments/


WARNING:werkzeug: * Debugger is active!
INFO:werkzeug: * Debugger PIN: 310-140-021
INFO:werkzeug: * Detected change in '/Volumes/DISK_SOFS/Faculdade/2oAno/2oSemestre/Disciplinas/BD/Praticas/Projeto/Projeto_BD_meta_final/leiloes_BD/venv/leiloes.py', reloading
INFO:werkzeug: * Restarting with stat
INFO:logger:
---------------------------------------------------------------
API v1.0 online: http://localhost:8080/departments/


WARNING:werkzeug: * Debugger is active!
INFO:werkzeug: * Debugger PIN: 310-140-021
INFO:logger:### POST - Add new admin ###
INFO:logger:---- New Admin ----
DEBUG:logger:payload: {'user_name': 'sofia15', 'email': 'sofia15@gmail.com', 'password': 'pato345'}
INFO:logger:### New token created ###
INFO:logger:---- New Token ----
ERROR:logger:Token created with success!
INFO:werkzeug:127.0.0.1 - - [28/May/2021 12:45:35] "[37mPOST /dbproj/admin/ HTTP/1.1[0m" 200 -
INFO:logger:### POST - Add new admin ###
INFO:logger:---- New Admin ----
DEBUG:logger:payload: {'user_name': 'sofia16', 'email': 'sofia16@gmail.com', 'password': 'pato345'}
INFO:logger:### New token created ###
INFO:logger:---- New Token ----
ERROR:logger:Token created with success!
INFO:werkzeug:127.0.0.1 - - [28/May/2021 12:45:43] "[37mPOST /dbproj/admin/ HTTP/1.1[0m" 200 -
INFO:logger:### POST - Add new admin ###
INFO:logger:---- New Admin ----
DEBUG:logger:payload: {'user_name': 'sofia17', 'email': 'sofia17@gmail.com', 'password': 'pato345'}
INFO:logger:### New token created ###
INFO:logger:---- New Token ----
ERROR:logger:Token created with success!
INFO:werkzeug:127.0.0.1 - - [28/May/2021 12:45:49] "[37mPOST /dbproj/admin/ HTTP/1.1[0m" 200 -
INFO:werkzeug: * Detected change in '/Volumes/DISK_SOFS/Faculdade/2oAno/2oSemestre/Disciplinas/BD/Praticas/Projeto/Projeto_BD_meta_final/leiloes_BD/venv/leiloes.py', reloading
INFO:werkzeug: * Restarting with stat
INFO:logger:
---------------------------------------------------------------
API v1.0 online: http://localhost:8080/departments/


WARNING:werkzeug: * Debugger is active!
INFO:werkzeug: * Debugger PIN: 310-140-021
INFO:werkzeug: * Detected change in '/Volumes/DISK_SOFS/Faculdade/2oAno/2oSemestre/Disciplinas/BD/Praticas/Projeto/Projeto_BD_meta_final/leiloes_BD/venv/leiloes.py', reloading
INFO:werkzeug: * Restarting with stat
INFO:logger:
---------------------------------------------------------------
API v1.0 online: http://localhost:8080/departments/


WARNING:werkzeug: * Debugger is active!
INFO:werkzeug: * Debugger PIN: 310-140-021
INFO:logger:### POST - Add new admin ###
INFO:logger:---- New Admin ----
DEBUG:logger:payload: {'user_name': 'sofia18', 'email': 'sofia18@gmail.com', 'password': 'pato345'}
INFO:logger:### New token created ###
INFO:logger:---- New Token ----
ERROR:logger:duplicate key value violates unique constraint "token_pkey"
DETAIL:  Key (valor)=(1000000003) already exists.

INFO:werkzeug:127.0.0.1 - - [28/May/2021 12:51:10] "[37mPOST /dbproj/admin/ HTTP/1.1[0m" 200 -
INFO:werkzeug: * Detected change in '/Volumes/DISK_SOFS/Faculdade/2oAno/2oSemestre/Disciplinas/BD/Praticas/Projeto/Projeto_BD_meta_final/leiloes_BD/venv/leiloes.py', reloading
INFO:werkzeug: * Restarting with stat
INFO:logger:
---------------------------------------------------------------
API v1.0 online: http://localhost:8080/departments/


WARNING:werkzeug: * Debugger is active!
INFO:werkzeug: * Debugger PIN: 310-140-021
INFO:werkzeug: * Detected change in '/Volumes/DISK_SOFS/Faculdade/2oAno/2oSemestre/Disciplinas/BD/Praticas/Projeto/Projeto_BD_meta_final/leiloes_BD/venv/leiloes.py', reloading
INFO:werkzeug: * Restarting with stat
INFO:logger:
---------------------------------------------------------------
API v1.0 online: http://localhost:8080/departments/


WARNING:werkzeug: * Debugger is active!
INFO:werkzeug: * Debugger PIN: 310-140-021
INFO:logger:### POST - Add new admin ###
INFO:logger:---- New Admin ----
DEBUG:logger:payload: {'user_name': 'sofia19', 'email': 'sofia19@gmail.com', 'password': 'pato345'}
INFO:logger:### New token created ###
INFO:logger:---- New Token ----
INFO:logger:Token created with success!
INFO:werkzeug:127.0.0.1 - - [28/May/2021 12:54:48] "[37mPOST /dbproj/admin/ HTTP/1.1[0m" 200 -
INFO:logger:### POST - Add new user ###
INFO:logger:---- New User ----
DEBUG:logger:payload: {'user_name': 'sofia20', 'email': 'sofia20@gmail.com', 'password': 'pato1234'}
INFO:logger:### New token created ###
INFO:logger:---- New Token ----
INFO:logger:Token created with success!
INFO:logger:User inserted with success!
Token value: 1000000007
INFO:werkzeug:127.0.0.1 - - [28/May/2021 12:55:09] "[37mPOST /dbproj/user/ HTTP/1.1[0m" 200 -
INFO:werkzeug: * Detected change in '/Volumes/DISK_SOFS/Faculdade/2oAno/2oSemestre/Disciplinas/BD/Praticas/Projeto/Projeto_BD_meta_final/leiloes_BD/venv/leiloes.py', reloading
INFO:werkzeug: * Restarting with stat
INFO:logger:
---------------------------------------------------------------
API v1.0 online: http://localhost:8080/departments/


WARNING:werkzeug: * Debugger is active!
INFO:werkzeug: * Debugger PIN: 310-140-021
INFO:werkzeug: * Detected change in '/Volumes/DISK_SOFS/Faculdade/2oAno/2oSemestre/Disciplinas/BD/Praticas/Projeto/Projeto_BD_meta_final/leiloes_BD/venv/leiloes.py', reloading
INFO:werkzeug: * Restarting with stat
INFO:logger:
---------------------------------------------------------------
API v1.0 online: http://localhost:8080/departments/


WARNING:werkzeug: * Debugger is active!
INFO:werkzeug: * Debugger PIN: 310-140-021
INFO:logger:###              PUT /dbproj/user             ###
INFO:logger:----  Autenticate User  ----
INFO:logger:content: {'user_name': 'bento', 'password': 'pato345'}
INFO:logger:('bento', 'pato345')
INFO:werkzeug:127.0.0.1 - - [28/May/2021 15:44:37] "[37mPUT /dbproj/user/ HTTP/1.1[0m" 200 -
INFO:logger:###              PUT /dbproj/user             ###
INFO:logger:----  Autenticate User  ----
INFO:logger:content: {'user_name': 'eva1', 'password': 'pato345'}
INFO:logger:None
INFO:werkzeug:127.0.0.1 - - [28/May/2021 15:45:37] "[35m[1mPUT /dbproj/user/ HTTP/1.1[0m" 500 -
INFO:werkzeug: * Detected change in '/Volumes/DISK_SOFS/Faculdade/2oAno/2oSemestre/Disciplinas/BD/Praticas/Projeto/Projeto_BD_meta_final/leiloes_BD/venv/leiloes.py', reloading
INFO:werkzeug: * Restarting with stat
INFO:logger:
---------------------------------------------------------------
API v1.0 online: http://localhost:8080/departments/


WARNING:werkzeug: * Debugger is active!
INFO:werkzeug: * Debugger PIN: 310-140-021
INFO:logger:###              PUT /dbproj/user             ###
INFO:logger:----  Autenticate User  ----
INFO:logger:content: {'user_name': 'eva', 'password': 'pato345'}
INFO:logger:('eva', 'pato345')
INFO:logger:('eva', 'pato345')
INFO:werkzeug:127.0.0.1 - - [28/May/2021 15:51:26] "[35m[1mPUT /dbproj/user/ HTTP/1.1[0m" 500 -
INFO:werkzeug: * Detected change in '/Volumes/DISK_SOFS/Faculdade/2oAno/2oSemestre/Disciplinas/BD/Praticas/Projeto/Projeto_BD_meta_final/leiloes_BD/venv/leiloes.py', reloading
INFO:werkzeug: * Restarting with stat
INFO:logger:
---------------------------------------------------------------
API v1.0 online: http://localhost:8080/departments/


WARNING:werkzeug: * Debugger is active!
INFO:werkzeug: * Debugger PIN: 310-140-021
INFO:logger:###              PUT /dbproj/user             ###
INFO:logger:----  Autenticate User  ----
INFO:logger:content: {'user_name': 'eva', 'password': 'pato345'}
INFO:logger:('eva', 'pato345')
INFO:logger:('eva', 'pato345')
INFO:werkzeug:127.0.0.1 - - [28/May/2021 15:52:05] "[35m[1mPUT /dbproj/user/ HTTP/1.1[0m" 500 -
INFO:werkzeug: * Detected change in '/Volumes/DISK_SOFS/Faculdade/2oAno/2oSemestre/Disciplinas/BD/Praticas/Projeto/Projeto_BD_meta_final/leiloes_BD/venv/leiloes.py', reloading
INFO:werkzeug: * Restarting with stat
INFO:logger:
---------------------------------------------------------------
API v1.0 online: http://localhost:8080/departments/


WARNING:werkzeug: * Debugger is active!
INFO:werkzeug: * Debugger PIN: 310-140-021
INFO:logger:###              PUT /dbproj/user             ###
INFO:logger:----  Autenticate User  ----
INFO:logger:content: {'user_name': 'eva', 'password': 'pato345'}
INFO:logger:('eva', 'pato345')
INFO:logger:('eva', 'pato345')
INFO:werkzeug:127.0.0.1 - - [28/May/2021 15:53:21] "[37mPUT /dbproj/user/ HTTP/1.1[0m" 200 -
INFO:werkzeug: * Detected change in '/Volumes/DISK_SOFS/Faculdade/2oAno/2oSemestre/Disciplinas/BD/Praticas/Projeto/Projeto_BD_meta_final/leiloes_BD/venv/leiloes.py', reloading
INFO:werkzeug: * Restarting with stat
INFO:logger:
---------------------------------------------------------------
API v1.0 online: http://localhost:8080/departments/


WARNING:werkzeug: * Debugger is active!
INFO:werkzeug: * Debugger PIN: 310-140-021
INFO:logger:###              PUT /dbproj/user             ###
INFO:logger:----  Autenticate User  ----
INFO:logger:content: {'user_name': 'eva', 'password': 'pato345'}
INFO:logger:('eva', 'pato345')
INFO:werkzeug:127.0.0.1 - - [28/May/2021 16:00:38] "[37mPUT /dbproj/user/ HTTP/1.1[0m" 200 -
INFO:logger:###              PUT /dbproj/user             ###
INFO:logger:----  Autenticate User  ----
INFO:logger:content: {'user_name': 'eva1', 'password': 'pato345'}
INFO:logger:None
INFO:werkzeug:127.0.0.1 - - [28/May/2021 16:00:42] "[37mPUT /dbproj/user/ HTTP/1.1[0m" 200 -
INFO:werkzeug: * Detected change in '/Volumes/DISK_SOFS/Faculdade/2oAno/2oSemestre/Disciplinas/BD/Praticas/Projeto/Projeto_BD_meta_final/leiloes_BD/venv/leiloes.py', reloading
INFO:werkzeug: * Restarting with stat
INFO:logger:
---------------------------------------------------------------
API v1.0 online: http://localhost:8080/departments/


WARNING:werkzeug: * Debugger is active!
INFO:werkzeug: * Debugger PIN: 310-140-021
INFO:logger:###              PUT /dbproj/user             ###
INFO:logger:----  Autenticate User  ----
INFO:logger:content: {'user_name': 'eva1', 'password': 'pato345'}
INFO:logger:None
INFO:werkzeug:127.0.0.1 - - [28/May/2021 16:01:16] "[37mPUT /dbproj/user/ HTTP/1.1[0m" 200 -
INFO:werkzeug: * Detected change in '/Volumes/DISK_SOFS/Faculdade/2oAno/2oSemestre/Disciplinas/BD/Praticas/Projeto/Projeto_BD_meta_final/leiloes_BD/venv/leiloes.py', reloading
INFO:werkzeug: * Restarting with stat
INFO:logger:
---------------------------------------------------------------
API v1.0 online: http://localhost:8080/departments/


WARNING:werkzeug: * Debugger is active!
INFO:werkzeug: * Debugger PIN: 310-140-021
INFO:logger:###              PUT /dbproj/user             ###
INFO:logger:----  Autenticate User  ----
INFO:logger:content: {'user_name': 'eva1', 'password': 'pato345'}
ERROR:logger:Username or password invalid
INFO:werkzeug:127.0.0.1 - - [28/May/2021 16:11:24] "[37mPUT /dbproj/user/ HTTP/1.1[0m" 200 -
INFO:werkzeug: * Detected change in '/Volumes/DISK_SOFS/Faculdade/2oAno/2oSemestre/Disciplinas/BD/Praticas/Projeto/Projeto_BD_meta_final/leiloes_BD/venv/leiloes.py', reloading
INFO:werkzeug: * Restarting with stat
INFO:logger:
---------------------------------------------------------------
API v1.0 online: http://localhost:8080/departments/


WARNING:werkzeug: * Debugger is active!
INFO:werkzeug: * Debugger PIN: 310-140-021
INFO:logger:###              PUT /dbproj/user             ###
INFO:logger:----  Autenticate User  ----
INFO:logger:content: {'user_name': 'eva1', 'password': 'pato345'}
ERROR:logger:Username or password invalid
INFO:werkzeug:127.0.0.1 - - [28/May/2021 16:15:33] "[37mPUT /dbproj/user/ HTTP/1.1[0m" 200 -
INFO:logger:###              PUT /dbproj/user             ###
INFO:logger:----  Autenticate User  ----
INFO:logger:content: {'user_name': 'eva', 'password': 'pato345'}
INFO:logger:### New token created ###
INFO:logger:---- New Token ----
ERROR:logger:duplicate key value violates unique constraint "token_pkey"
DETAIL:  Key (valor)=(1000000006) already exists.

INFO:logger:('eva', 'pato345')
INFO:werkzeug:127.0.0.1 - - [28/May/2021 16:15:41] "[37mPUT /dbproj/user/ HTTP/1.1[0m" 200 -
INFO:werkzeug: * Detected change in '/Volumes/DISK_SOFS/Faculdade/2oAno/2oSemestre/Disciplinas/BD/Praticas/Projeto/Projeto_BD_meta_final/leiloes_BD/venv/leiloes.py', reloading
INFO:werkzeug: * Restarting with stat
INFO:logger:
---------------------------------------------------------------
API v1.0 online: http://localhost:8080/departments/


WARNING:werkzeug: * Debugger is active!
INFO:werkzeug: * Debugger PIN: 310-140-021
INFO:logger:###              PUT /dbproj/user             ###
INFO:logger:----  Autenticate User  ----
INFO:logger:content: {'user_name': 'eva', 'password': 'pato345'}
INFO:logger:### New token created ###
INFO:logger:---- New Token ----
ERROR:logger:insert or update on table "token" violates foreign key constraint "token_fk2"
DETAIL:  Key (utilizador_email)=(pato345) is not present in table "utilizador".

INFO:logger:('eva', 'pato345')
INFO:werkzeug:127.0.0.1 - - [28/May/2021 16:17:07] "[37mPUT /dbproj/user/ HTTP/1.1[0m" 200 -
INFO:logger:###              PUT /dbproj/user             ###
INFO:logger:----  Autenticate User  ----
INFO:logger:content: {'user_name': 'eva', 'password': 'pato345'}
ERROR:logger:Username or password invalid
INFO:werkzeug:127.0.0.1 - - [28/May/2021 16:23:18] "[37mPUT /dbproj/user/ HTTP/1.1[0m" 200 -
INFO:logger:### POST - Add new user ###
INFO:logger:---- New User ----
DEBUG:logger:payload: {'user_name': 'sofia20', 'email': 'sofia20@gmail.com', 'password': 'pato1234'}
INFO:werkzeug:127.0.0.1 - - [28/May/2021 16:24:05] "[37mPOST /dbproj/user/ HTTP/1.1[0m" 200 -
INFO:logger:###              PUT /dbproj/user             ###
INFO:logger:----  Autenticate User  ----
INFO:logger:content: {'user_name': 'sofia20', 'password': 'pato1234'}
INFO:logger:### New token created ###
INFO:logger:---- New Token ----
ERROR:logger:insert or update on table "token" violates foreign key constraint "token_fk2"
DETAIL:  Key (utilizador_email)=(pato1234) is not present in table "utilizador".

INFO:logger:('sofia20', 'pato1234')
INFO:werkzeug:127.0.0.1 - - [28/May/2021 16:24:20] "[37mPUT /dbproj/user/ HTTP/1.1[0m" 200 -
INFO:werkzeug: * Detected change in '/Volumes/DISK_SOFS/Faculdade/2oAno/2oSemestre/Disciplinas/BD/Praticas/Projeto/Projeto_BD_meta_final/leiloes_BD/venv/leiloes.py', reloading
INFO:werkzeug: * Restarting with stat
INFO:logger:
---------------------------------------------------------------
API v1.0 online: http://localhost:8080/departments/


WARNING:werkzeug: * Debugger is active!
INFO:werkzeug: * Debugger PIN: 310-140-021
INFO:logger:### PUT - Login user ###
INFO:logger:----  Autenticate User  ----
INFO:logger:content: {'user_name': 'sofia20', 'password': 'pato1234'}
INFO:logger:### New token created ###
INFO:logger:---- New Token ----
ERROR:logger:null value in column "utilizador_email" of relation "token" violates not-null constraint
DETAIL:  Failing row contains (1000000008, 2021-05-28 17:24:59.09613, sofia20, null).

INFO:logger:('sofia20', 'pato1234')
INFO:werkzeug:127.0.0.1 - - [28/May/2021 16:24:59] "[37mPUT /dbproj/user/ HTTP/1.1[0m" 200 -
INFO:logger:### PUT - Login user ###
INFO:logger:----  Autenticate User  ----
INFO:logger:content: {'user_name': 'sofia20', 'password': 'pato1234'}
ERROR:logger:Username or password invalid
INFO:werkzeug:127.0.0.1 - - [28/May/2021 16:34:30] "[37mPUT /dbproj/user/ HTTP/1.1[0m" 200 -
INFO:logger:### POST - Add new user ###
INFO:logger:---- New User ----
DEBUG:logger:payload: {'user_name': 'sofia20', 'email': 'sofia20@gmail.com', 'password': 'pato1234'}
INFO:werkzeug:127.0.0.1 - - [28/May/2021 16:34:38] "[37mPOST /dbproj/user/ HTTP/1.1[0m" 200 -
INFO:logger:### PUT - Login user ###
INFO:logger:----  Autenticate User  ----
INFO:logger:content: {'user_name': 'sofia20', 'password': 'pato1234'}
INFO:logger:### New token created ###
INFO:logger:---- New Token ----
INFO:logger:Token created with success!
INFO:logger:('sofia20', 'pato1234')
INFO:werkzeug:127.0.0.1 - - [28/May/2021 16:34:42] "[37mPUT /dbproj/user/ HTTP/1.1[0m" 200 -
INFO:logger:### POST - Add new admin ###
INFO:logger:---- New Admin ----
DEBUG:logger:payload: {'user_name': 'sofia19', 'email': 'sofia19@gmail.com', 'password': 'pato345'}
INFO:werkzeug:127.0.0.1 - - [28/May/2021 16:36:40] "[35m[1mPOST /dbproj/admin/ HTTP/1.1[0m" 500 -
INFO:werkzeug: * Detected change in '/Volumes/DISK_SOFS/Faculdade/2oAno/2oSemestre/Disciplinas/BD/Praticas/Projeto/Projeto_BD_meta_final/leiloes_BD/venv/leiloes.py', reloading
INFO:werkzeug: * Restarting with stat
INFO:logger:
---------------------------------------------------------------
API v1.0 online: http://localhost:8080/departments/


WARNING:werkzeug: * Debugger is active!
INFO:werkzeug: * Debugger PIN: 310-140-021
INFO:logger:### POST - Add new admin ###
INFO:logger:---- New Admin ----
DEBUG:logger:payload: {'user_name': 'sofia19', 'email': 'sofia19@gmail.com', 'password': 'pato345'}
ERROR:logger:duplicate key value violates unique constraint "utilizador_pkey"
DETAIL:  Key (user_name)=(sofia19) already exists.

INFO:werkzeug:127.0.0.1 - - [28/May/2021 16:38:30] "[37mPOST /dbproj/admin/ HTTP/1.1[0m" 200 -
INFO:logger:### POST - Add new admin ###
INFO:logger:---- New Admin ----
DEBUG:logger:payload: {'user_name': 'sofia18', 'email': 'sofia18@gmail.com', 'password': 'pato345'}
INFO:werkzeug:127.0.0.1 - - [28/May/2021 16:38:36] "[37mPOST /dbproj/admin/ HTTP/1.1[0m" 200 -
INFO:logger:### PUT - Login user ###
INFO:logger:----  Autenticate User  ----
INFO:logger:content: {'user_name': 'sofia18', 'password': 'pato345'}
INFO:logger:### New token created ###
INFO:logger:---- New Token ----
INFO:logger:Token created with success!
INFO:logger:('sofia18', 'pato345')
INFO:werkzeug:127.0.0.1 - - [28/May/2021 16:38:52] "[37mPUT /dbproj/user/ HTTP/1.1[0m" 200 -
INFO:werkzeug: * Detected change in '/Volumes/DISK_SOFS/Faculdade/2oAno/2oSemestre/Disciplinas/BD/Praticas/Projeto/Projeto_BD_meta_final/leiloes_BD/venv/leiloes.py', reloading
INFO:werkzeug: * Restarting with stat
INFO:logger:
---------------------------------------------------------------
API v1.0 online: http://localhost:8080/departments/


WARNING:werkzeug: * Debugger is active!
INFO:werkzeug: * Debugger PIN: 310-140-021
INFO:logger:### PUT - Login user ###
INFO:logger:----  Autenticate User  ----
INFO:logger:content: {'user_name': 'sofia18', 'password': 'pato345'}
INFO:logger:### New token created ###
INFO:logger:---- New Token ----
ERROR:logger:duplicate key value violates unique constraint "token_pkey"
DETAIL:  Key (valor)=(1000000009) already exists.

INFO:logger:('sofia18', 'pato345')
INFO:werkzeug:127.0.0.1 - - [28/May/2021 16:39:15] "[37mPUT /dbproj/user/ HTTP/1.1[0m" 200 -
INFO:werkzeug: * Detected change in '/Volumes/DISK_SOFS/Faculdade/2oAno/2oSemestre/Disciplinas/BD/Praticas/Projeto/Projeto_BD_meta_final/leiloes_BD/venv/leiloes.py', reloading
INFO:werkzeug: * Restarting with stat
INFO:logger:
---------------------------------------------------------------
API v1.0 online: http://localhost:8080/departments/


WARNING:werkzeug: * Debugger is active!
INFO:werkzeug: * Debugger PIN: 310-140-021
INFO:werkzeug: * Detected change in '/Volumes/DISK_SOFS/Faculdade/2oAno/2oSemestre/Disciplinas/BD/Praticas/Projeto/Projeto_BD_meta_final/leiloes_BD/venv/leiloes.py', reloading
INFO:werkzeug: * Restarting with stat
INFO:logger:
---------------------------------------------------------------
API v1.0 online: http://localhost:8080/departments/


WARNING:werkzeug: * Debugger is active!
INFO:werkzeug: * Debugger PIN: 310-140-021
INFO:logger:### PUT - Login user ###
INFO:logger:----  Autenticate User  ----
INFO:logger:content: {'user_name': 'sofia18', 'password': 'pato345'}
INFO:logger:### New token created ###
INFO:logger:---- New Token ----
INFO:logger:Token created with success!
INFO:logger:('sofia18', 'pato345')
INFO:werkzeug:127.0.0.1 - - [28/May/2021 16:39:46] "[37mPUT /dbproj/user/ HTTP/1.1[0m" 200 -
